# JRE version: Java(TM) SE Runtime Environment (13.0.2+8) (build 13.0.2+8)
# Java VM: Java HotSpot(TM) 64-Bit Server VM (13.0.2+8, mixed mode, sharing, tiered, compressed oops, g1 gc, windows-amd64)
Heap:
 garbage-first heap   total 129024K, used 47104K [0x0000000082e00000, 0x0000000100000000)
  region size 1024K, 8 young (8192K), 7 survivors (7168K)
 Metaspace       used 11811K, capacity 12101K, committed 12288K, reserved 1060864K
  class space    used 1132K, capacity 1255K, committed 1280K, reserved 1048576K
GC Heap History (10 events):
Event: 1.656 GC heap before
{Heap before GC invocations=0 (full 0):
 garbage-first heap   total 129024K, used 23552K [0x0000000082e00000, 0x0000000100000000)
  region size 1024K, 24 young (24576K), 0 survivors (0K)
 Metaspace       used 4579K, capacity 6931K, committed 7168K, reserved 1056768K
  class space    used 433K, capacity 691K, committed 768K, reserved 1048576K
}
Event: 1.661 GC heap after
{Heap after GC invocations=1 (full 0):
 garbage-first heap   total 129024K, used 2582K [0x0000000082e00000, 0x0000000100000000)
  region size 1024K, 3 young (3072K), 3 survivors (3072K)
 Metaspace       used 4579K, capacity 6931K, committed 7168K, reserved 1056768K
  class space    used 433K, capacity 691K, committed 768K, reserved 1048576K
}
Event: 4.305 GC heap before
{Heap before GC invocations=1 (full 0):
 garbage-first heap   total 129024K, used 80406K [0x0000000082e00000, 0x0000000100000000)
  region size 1024K, 75 young (76800K), 3 survivors (3072K)
 Metaspace       used 10940K, capacity 11260K, committed 11520K, reserved 1058816K
  class space    used 1107K, capacity 1252K, committed 1280K, reserved 1048576K
}
Event: 4.309 GC heap after
{Heap after GC invocations=2 (full 0):
 garbage-first heap   total 129024K, used 7675K [0x0000000082e00000, 0x0000000100000000)
  region size 1024K, 4 young (4096K), 4 survivors (4096K)
 Metaspace       used 10940K, capacity 11260K, committed 11520K, reserved 1058816K
  class space    used 1107K, capacity 1252K, committed 1280K, reserved 1048576K
}
Event: 49.103 GC heap before
{Heap before GC invocations=2 (full 0):
 garbage-first heap   total 129024K, used 82427K [0x0000000082e00000, 0x0000000100000000)
  region size 1024K, 75 young (76800K), 4 survivors (4096K)
 Metaspace       used 11398K, capacity 11711K, committed 11776K, reserved 1060864K
  class space    used 1129K, capacity 1253K, committed 1280K, reserved 1048576K
}
Event: 49.119 GC heap after
{Heap after GC invocations=3 (full 0):
 garbage-first heap   total 129024K, used 16061K [0x0000000082e00000, 0x0000000100000000)
  region size 1024K, 10 young (10240K), 10 survivors (10240K)
 Metaspace       used 11398K, capacity 11711K, committed 11776K, reserved 1060864K
  class space    used 1129K, capacity 1253K, committed 1280K, reserved 1048576K
}
Event: 181.736 GC heap before
{Heap before GC invocations=3 (full 0):
 garbage-first heap   total 129024K, used 92861K [0x0000000082e00000, 0x0000000100000000)
  region size 1024K, 75 young (76800K), 10 survivors (10240K)
 Metaspace       used 11726K, capacity 12037K, committed 12288K, reserved 1060864K
  class space    used 1132K, capacity 1255K, committed 1280K, reserved 1048576K
}
Event: 181.810 GC heap after
{Heap after GC invocations=4 (full 0):
 garbage-first heap   total 129024K, used 43802K [0x0000000082e00000, 0x0000000100000000)
  region size 1024K, 10 young (10240K), 10 survivors (10240K)
 Metaspace       used 11726K, capacity 12037K, committed 12288K, reserved 1060864K
  class space    used 1132K, capacity 1255K, committed 1280K, reserved 1048576K
}
Event: 280.978 GC heap before
{Heap before GC invocations=4 (full 0):
 garbage-first heap   total 129024K, used 89882K [0x0000000082e00000, 0x0000000100000000)
  region size 1024K, 55 young (56320K), 10 survivors (10240K)
 Metaspace       used 11808K, capacity 12101K, committed 12288K, reserved 1060864K
  class space    used 1132K, capacity 1255K, committed 1280K, reserved 1048576K
}
Event: 281.028 GC heap after
{Heap after GC invocations=5 (full 0):
 garbage-first heap   total 129024K, used 47104K [0x0000000082e00000, 0x0000000100000000)
  region size 1024K, 7 young (7168K), 7 survivors (7168K)
 Metaspace       used 11808K, capacity 12101K, committed 12288K, reserved 1060864K
  class space    used 1132K, capacity 1255K, committed 1280K, reserved 1048576K
}

