# JRE version: Java(TM) SE Runtime Environment (14.0+36) (build 14+36-1461)
# Java VM: Java HotSpot(TM) 64-Bit Server VM (14+36-1461, mixed mode, sharing, tiered, compressed oops, g1 gc, windows-amd64)
Heap:
 garbage-first heap   total 129024K, used 31580K [0x0000000082e00000, 0x0000000100000000)
  region size 1024K, 26 young (26624K), 4 survivors (4096K)
 Metaspace       used 10622K, capacity 10910K, committed 11008K, reserved 1058816K
  class space    used 1077K, capacity 1204K, committed 1280K, reserved 1048576K
GC Heap History (6 events):
Event: 0.910 GC heap before
{Heap before GC invocations=0 (full 0):
 garbage-first heap   total 129024K, used 23552K [0x0000000082e00000, 0x0000000100000000)
  region size 1024K, 23 young (23552K), 0 survivors (0K)
 Metaspace       used 3978K, capacity 6878K, committed 7168K, reserved 1056768K
  class space    used 375K, capacity 673K, committed 768K, reserved 1048576K
}
Event: 0.914 GC heap after
{Heap after GC invocations=1 (full 0):
 garbage-first heap   total 129024K, used 2127K [0x0000000082e00000, 0x0000000100000000)
  region size 1024K, 3 young (3072K), 3 survivors (3072K)
 Metaspace       used 3978K, capacity 6878K, committed 7168K, reserved 1056768K
  class space    used 375K, capacity 673K, committed 768K, reserved 1048576K
}
Event: 1.542 GC heap before
{Heap before GC invocations=1 (full 0):
 garbage-first heap   total 129024K, used 35919K [0x0000000082e00000, 0x0000000100000000)
  region size 1024K, 36 young (36864K), 3 survivors (3072K)
 Metaspace       used 4652K, capacity 7365K, committed 7680K, reserved 1056768K
  class space    used 409K, capacity 706K, committed 768K, reserved 1048576K
}
Event: 1.546 GC heap after
{Heap after GC invocations=2 (full 0):
 garbage-first heap   total 129024K, used 2285K [0x0000000082e00000, 0x0000000100000000)
  region size 1024K, 3 young (3072K), 3 survivors (3072K)
 Metaspace       used 4652K, capacity 7365K, committed 7680K, reserved 1056768K
  class space    used 409K, capacity 706K, committed 768K, reserved 1048576K
}
Event: 8.655 GC heap before
{Heap before GC invocations=2 (full 0):
 garbage-first heap   total 129024K, used 82157K [0x0000000082e00000, 0x0000000100000000)
  region size 1024K, 75 young (76800K), 3 survivors (3072K)
 Metaspace       used 10606K, capacity 10910K, committed 11008K, reserved 1058816K
  class space    used 1077K, capacity 1204K, committed 1280K, reserved 1048576K
}
Event: 8.662 GC heap after
{Heap after GC invocations=3 (full 0):
 garbage-first heap   total 129024K, used 10076K [0x0000000082e00000, 0x0000000100000000)
  region size 1024K, 4 young (4096K), 4 survivors (4096K)
 Metaspace       used 10606K, capacity 10910K, committed 11008K, reserved 1058816K
  class space    used 1077K, capacity 1204K, committed 1280K, reserved 1048576K
}

